#
# A fatal error has been detected by the Java Runtime Environment:
#
#  SIGSEGV (0xb) at pc=0x00007fff80e98e5e, pid=43626, tid=0x0000000000003103
#
# JRE version: Java(TM) SE Runtime Environment (8.0_112-b16) (build 1.8.0_112-b16)
# Java VM: Java HotSpot(TM) 64-Bit Server VM (25.112-b16 mixed mode bsd-amd64 compressed oops)
# Problematic frame:
# C  [libGL.dylib+0x4e5e]  glDeleteBuffers+0x12
#
# Failed to write core dump. Core dumps have been disabled. To enable core dumping, try "ulimit -c unlimited" before starting Java again
#
# If you would like to submit a bug report, please visit:
#   http://bugreport.java.com/bugreport/crash.jsp
# The crash happened outside the Java Virtual Machine in native code.
# See problematic frame for where to report the bug.
#

---------------  T H R E A D  ---------------

Current thread (0x00007fa7d285c800):  JavaThread "Finalizer" daemon [_thread_in_native, id=12547, stack(0x0000700004158000,0x0000700004258000)]

siginfo: si_signo: 11 (SIGSEGV), si_code: 1 (SEGV_MAPERR), si_addr: 0x0000000000001420

Registers:
RAX=0x00007fff80e98e4c, RBX=0x0000000121f198f0, RCX=0x0000000000000001, RDX=0x0000000000000000
RSP=0x00007000042575a0, RBP=0x00007000042575a0, RSI=0x0000000797954bf0, RDI=0x0000000000000001
R8 =0x0000000797954bf0, R9 =0x0000000000000000, R10=0x00007fff80e98e4c, R11=0x0000000000000000
R12=0x0000000000000000, R13=0x0000000121f198f0, R14=0x00007000042576d8, R15=0x00007fa7d285c800
RIP=0x00007fff80e98e5e, EFLAGS=0x0000000000010206, ERR=0x0000000000000004
  TRAPNO=0x000000000000000e

Top of Stack: (sp=0x00007000042575a0)
0x00007000042575a0:   0000700004257600 00000001222861ca
0x00007000042575b0:   00007fa7d285c800 0000000797954bf0
0x00007000042575c0:   0000000797954bf0 00007fff80e98e4c
0x00007000042575d0:   00007fff80e98e4c 0000000000f198f0
0x00007000042575e0:   00007000042576c8 00000001042576d8
0x00007000042575f0:   00007000042576d8 00007fa7d285c9f8
0x0000700004257600:   0000700004257688 00000001104489f4
0x0000700004257610:   00007fff80e98e4c 00007fa7d285c800
0x0000700004257620:   0000000121f198f0 00007000042576d8
0x0000700004257630:   0000700004257688 0000000110448787
0x0000700004257640:   0000000110448742 0000700004257648
0x0000700004257650:   0000000121f198f0 00007000042576d8
0x0000700004257660:   0000000121ff5028 0000000000000000
0x0000700004257670:   0000000121f198f0 0000000000000000
0x0000700004257680:   00007000042576a8 0000700004257720
0x0000700004257690:   00000001104392bd 0000000000000000
0x00007000042576a0:   0000000110442538 00007fff80e98e4c
0x00007000042576b0:   0000700004257758 0000000000000000
0x00007000042576c0:   0000000000000000 0000000797954be0
0x00007000042576d0:   0000000000000001 00000007976d71c0
0x00007000042576e0:   00007000042576e0 0000000121f199fd
0x00007000042576f0:   0000700004257758 0000000121ff5028
0x0000700004257700:   0000000000000000 0000000121f19a18
0x0000700004257710:   00007000042576a8 0000700004257740
0x0000700004257720:   00007000042577a0 0000000110439302
0x0000700004257730:   00007fff80e98e4c 0000000000000000
0x0000700004257740:   0000000000000000 0000000797954be0
0x0000700004257750:   0000000000000001 00000007976d71c0
0x0000700004257760:   0000700004257760 00000001248a7ae5
0x0000700004257770:   00007000042577c0 00000001248a7c00
0x0000700004257780:   0000000000000000 00000001248a7b70
0x0000700004257790:   0000700004257740 00007000042577c0 

Instructions: (pc=0x00007fff80e98e5e)
0x00007fff80e98e3e:   14 00 00 48 8b 3a 89 ce 44 89 c2 5d ff e0 55 48
0x00007fff80e98e4e:   89 e5 49 89 f0 89 f9 65 48 8b 14 25 f0 00 00 00
0x00007fff80e98e5e:   48 8b 82 20 14 00 00 48 8b 3a 89 ce 4c 89 c2 5d
0x00007fff80e98e6e:   ff e0 55 48 89 e5 49 89 f0 89 f9 65 48 8b 14 25 

Register to memory mapping:

RAX=0x00007fff80e98e4c: glDeleteBuffers+0 in /System/Library/Frameworks/OpenGL.framework/Versions/A/Libraries/libGL.dylib at 0x00007fff80e94000
RBX={method} {0x0000000121f198f0} 'dispatch_glDeleteBuffers1' '(ILjava/lang/Object;IZJ)V' in 'jogamp/opengl/gl4/GL4bcImpl'
RCX=0x0000000000000001 is an unknown value
RDX=0x0000000000000000 is an unknown value
RSP=0x00007000042575a0 is pointing into the stack for thread: 0x00007fa7d285c800
RBP=0x00007000042575a0 is pointing into the stack for thread: 0x00007fa7d285c800
RSI=0x0000000797954bf0 is an oop

[error occurred during error reporting (printing register info), id 0xb]

Stack: [0x0000700004158000,0x0000700004258000],  sp=0x00007000042575a0,  free space=1021k
Native frames: (J=compiled Java code, j=interpreted, Vv=VM code, C=native code)
C  [libGL.dylib+0x4e5e]  glDeleteBuffers+0x12
C  [libjogl_desktop.jnilib+0x311ca]  Java_jogamp_opengl_gl4_GL4bcImpl_dispatch_1glDeleteBuffers1__ILjava_lang_Object_2IZJ+0xba
j  jogamp.opengl.gl4.GL4bcImpl.dispatch_glDeleteBuffers1(ILjava/lang/Object;IZJ)V+0
j  jogamp.opengl.gl4.GL4bcImpl.glDeleteBuffers(I[II)V+117
j  oglutils.OGLBuffers.finalize()V+21
j  java.lang.System$2.invokeFinalize(Ljava/lang/Object;)V+1
j  java.lang.ref.Finalizer.runFinalizer(Lsun/misc/JavaLangAccess;)V+46
j  java.lang.ref.Finalizer.access$100(Ljava/lang/ref/Finalizer;Lsun/misc/JavaLangAccess;)V+2
j  java.lang.ref.Finalizer$FinalizerThread.run()V+45
v  ~StubRoutines::call_stub
V  [libjvm.dylib+0x2edbd2]
V  [libjvm.dylib+0x2ee360]
V  [libjvm.dylib+0x2ee50c]
V  [libjvm.dylib+0x348c59]
V  [libjvm.dylib+0x56b033]
V  [libjvm.dylib+0x56c720]
V  [libjvm.dylib+0x48a7ae]
C  [libsystem_pthread.dylib+0x3aab]  _pthread_body+0xb4
C  [libsystem_pthread.dylib+0x39f7]  _pthread_body+0x0
C  [libsystem_pthread.dylib+0x31fd]  thread_start+0xd
C  0x0000000000000000

Java frames: (J=compiled Java code, j=interpreted, Vv=VM code)
j  jogamp.opengl.gl4.GL4bcImpl.dispatch_glDeleteBuffers1(ILjava/lang/Object;IZJ)V+0
j  jogamp.opengl.gl4.GL4bcImpl.glDeleteBuffers(I[II)V+117
j  oglutils.OGLBuffers.finalize()V+21
j  java.lang.System$2.invokeFinalize(Ljava/lang/Object;)V+1
j  java.lang.ref.Finalizer.runFinalizer(Lsun/misc/JavaLangAccess;)V+46
j  java.lang.ref.Finalizer.access$100(Ljava/lang/ref/Finalizer;Lsun/misc/JavaLangAccess;)V+2
j  java.lang.ref.Finalizer$FinalizerThread.run()V+45
v  ~StubRoutines::call_stub

---------------  P R O C E S S  ---------------

Java Threads: ( => current thread )
  0x00007fa7d3347800 JavaThread "AWT-EventQueue-0-FPSAWTAnimator#00-Timer0" [_thread_blocked, id=66831, stack(0x000070000500b000,0x000070000510b000)]
  0x00007fa7d31f7800 JavaThread "Java2D Disposer" daemon [_thread_blocked, id=58127, stack(0x0000700004e85000,0x0000700004f85000)]
  0x00007fa7d29b1000 JavaThread "Java2D Queue Flusher" daemon [_thread_blocked, id=56071, stack(0x0000700004d82000,0x0000700004e82000)]
  0x00007fa7d3212800 JavaThread "DestroyJavaVM" [_thread_blocked, id=3587, stack(0x00007000038ba000,0x00007000039ba000)]
  0x00007fa7d3217000 JavaThread "AWT-EventQueue-0" [_thread_in_vm, id=48395, stack(0x0000700004c7f000,0x0000700004d7f000)]
  0x00007fa7d38e1800 JavaThread "AWT-Shutdown" [_thread_blocked, id=29727, stack(0x0000700004970000,0x0000700004a70000)]
  0x00007fa7d38de800 JavaThread "AWT-AppKit" daemon [_thread_in_native, id=775, stack(0x00007fff5aef7000,0x00007fff5b6f7000)]
  0x00007fa7d40a9000 JavaThread "Monitor Ctrl-Break" daemon [_thread_in_native, id=19459, stack(0x000070000486d000,0x000070000496d000)]
  0x00007fa7d3040000 JavaThread "Service Thread" daemon [_thread_blocked, id=18435, stack(0x0000700004667000,0x0000700004767000)]
  0x00007fa7d4021800 JavaThread "C1 CompilerThread2" daemon [_thread_blocked, id=17923, stack(0x0000700004564000,0x0000700004664000)]
  0x00007fa7d2838000 JavaThread "C2 CompilerThread1" daemon [_thread_blocked, id=17411, stack(0x0000700004461000,0x0000700004561000)]
  0x00007fa7d380b000 JavaThread "C2 CompilerThread0" daemon [_thread_blocked, id=16899, stack(0x000070000435e000,0x000070000445e000)]
  0x00007fa7d400e800 JavaThread "Signal Dispatcher" daemon [_thread_blocked, id=16387, stack(0x000070000425b000,0x000070000435b000)]
=>0x00007fa7d285c800 JavaThread "Finalizer" daemon [_thread_in_native, id=12547, stack(0x0000700004158000,0x0000700004258000)]
  0x00007fa7d3007000 JavaThread "Reference Handler" daemon [_thread_blocked, id=12035, stack(0x0000700004055000,0x0000700004155000)]

Other Threads:
  0x00007fa7d3004800 VMThread [stack: 0x0000700003f52000,0x0000700004052000] [id=11523]
  0x00007fa7d4017800 WatcherThread [stack: 0x000070000476a000,0x000070000486a000] [id=18947]

VM state:not at safepoint (normal execution)

VM Mutex/Monitor currently owned by a thread: None

Heap:
 PSYoungGen      total 38400K, used 7697K [0x0000000795580000, 0x0000000798000000, 0x00000007c0000000)
  eden space 33280K, 7% used [0x0000000795580000,0x0000000795805390,0x0000000797600000)
  from space 5120K, 99% used [0x0000000797600000,0x0000000797aff360,0x0000000797b00000)
  to   space 5120K, 0% used [0x0000000797b00000,0x0000000797b00000,0x0000000798000000)
 ParOldGen       total 87552K, used 311K [0x0000000740000000, 0x0000000745580000, 0x0000000795580000)
  object space 87552K, 0% used [0x0000000740000000,0x000000074004dde8,0x0000000745580000)
 Metaspace       used 15009K, capacity 15154K, committed 15488K, reserved 1062912K
  class space    used 1492K, capacity 1547K, committed 1664K, reserved 1048576K

Card table byte_map: [0x00000001061c0000,0x00000001065c1000] byte_map_base: 0x00000001027c0000

Marking Bits: (ParMarkBitMap*) 0x0000000104e7cd30
 Begin Bits: [0x000000010686c000, 0x000000010886c000)
 End Bits:   [0x000000010886c000, 0x000000010a86c000)

Polling page: 0x0000000105571000

CodeCache: size=245760Kb used=4611Kb max_used=4611Kb free=241148Kb
 bounds [0x0000000110431000, 0x00000001108c1000, 0x000000011f431000]
 total_blobs=1979 nmethods=1197 adapters=696
 compilation: enabled

Compilation events (10 events):
Event: 9.953 Thread 0x00007fa7d2838000 nmethod 1191 0x000000011087a610 code [0x000000011087a760, 0x000000011087a7d8]
Event: 10.196 Thread 0x00007fa7d4021800 1192   !   3       sun.lwawt.LWComponentPeer::sendEventToDelegate (87 bytes)
Event: 10.198 Thread 0x00007fa7d4021800 nmethod 1192 0x00000001108af650 code [0x00000001108af880, 0x00000001108b0a08]
Event: 10.363 Thread 0x00007fa7d4021800 1193       3       sun.misc.VM::addFinalRefCount (24 bytes)
Event: 10.363 Thread 0x00007fa7d4021800 nmethod 1193 0x00000001108af2d0 code [0x00000001108af440, 0x00000001108af5f0]
Event: 10.363 Thread 0x00007fa7d4021800 1194   !   3       java.lang.ref.Reference::tryHandlePending (115 bytes)
Event: 10.365 Thread 0x00007fa7d4021800 nmethod 1194 0x00000001108b12d0 code [0x00000001108b1500, 0x00000001108b21c8]
Event: 10.366 Thread 0x00007fa7d4021800 1195   !   3       java.lang.ref.ReferenceQueue::enqueue (119 bytes)
Event: 10.368 Thread 0x00007fa7d4021800 nmethod 1195 0x00000001108ae790 code [0x00000001108ae940, 0x00000001108af0c8]
Event: 10.368 Thread 0x00007fa7d4021800 1197       3       java.lang.ref.ReferenceQueue::reallyPoll (66 bytes)

GC Heap History (2 events):
Event: 10.353 GC heap before
{Heap before GC invocations=1 (full 0):
 PSYoungGen      total 38400K, used 33280K [0x0000000795580000, 0x0000000798000000, 0x00000007c0000000)
  eden space 33280K, 100% used [0x0000000795580000,0x0000000797600000,0x0000000797600000)
  from space 5120K, 0% used [0x0000000797b00000,0x0000000797b00000,0x0000000798000000)
  to   space 5120K, 0% used [0x0000000797600000,0x0000000797600000,0x0000000797b00000)
 ParOldGen       total 87552K, used 0K [0x0000000740000000, 0x0000000745580000, 0x0000000795580000)
  object space 87552K, 0% used [0x0000000740000000,0x0000000740000000,0x0000000745580000)
 Metaspace       used 15005K, capacity 15154K, committed 15488K, reserved 1062912K
  class space    used 1492K, capacity 1547K, committed 1664K, reserved 1048576K
Event: 10.361 GC heap after
Heap after GC invocations=1 (full 0):
 PSYoungGen      total 38400K, used 5116K [0x0000000795580000, 0x0000000798000000, 0x00000007c0000000)
  eden space 33280K, 0% used [0x0000000795580000,0x0000000795580000,0x0000000797600000)
  from space 5120K, 99% used [0x0000000797600000,0x0000000797aff360,0x0000000797b00000)
  to   space 5120K, 0% used [0x0000000797b00000,0x0000000797b00000,0x0000000798000000)
 ParOldGen       total 87552K, used 311K [0x0000000740000000, 0x0000000745580000, 0x0000000795580000)
  object space 87552K, 0% used [0x0000000740000000,0x000000074004dde8,0x0000000745580000)
 Metaspace       used 15005K, capacity 15154K, committed 15488K, reserved 1062912K
  class space    used 1492K, capacity 1547K, committed 1664K, reserved 1048576K
}

Deoptimization events (5 events):
Event: 0.440 Thread 0x00007fa7d4001000 Uncommon trap: reason=unstable_if action=reinterpret pc=0x0000000110550aa8 method=java.lang.String.hashCode()I @ 14
Event: 1.225 Thread 0x00007fa7d3217000 Uncommon trap: reason=unstable_if action=reinterpret pc=0x00000001105f469c method=java.lang.String.replace(CC)Ljava/lang/String; @ 26
Event: 1.232 Thread 0x00007fa7d3217000 Uncommon trap: reason=unstable_if action=reinterpret pc=0x00000001105f5544 method=java.lang.String.indexOf([CII[CIII)I @ 3
Event: 3.110 Thread 0x00007fa7d3217000 Uncommon trap: reason=unstable_if action=reinterpret pc=0x0000000110631c8c method=java.lang.String.lastIndexOf([CII[CIII)I @ 17
Event: 4.698 Thread 0x00007fa7d3217000 Uncommon trap: reason=unstable_if action=reinterpret pc=0x0000000110687b10 method=java.util.HashMap.hash(Ljava/lang/Object;)I @ 1

Internal exceptions (10 events):
Event: 0.558 Thread 0x00007fa7d4001000 Exception <a 'java/lang/NoSuchFieldError': method resolution failed> (0x0000000795950d80) thrown at [/Users/java_re/workspace/8-2-build-macosx-x86_64/jdk8u112/7935/hotspot/src/share/vm/prims/methodHandles.cpp, line 1146]
Event: 0.561 Thread 0x00007fa7d4001000 Exception <a 'java/lang/NoSuchFieldError': method resolution failed> (0x000000079595e180) thrown at [/Users/java_re/workspace/8-2-build-macosx-x86_64/jdk8u112/7935/hotspot/src/share/vm/prims/methodHandles.cpp, line 1146]
Event: 0.612 Thread 0x00007fa7d4001000 Exception <a 'java/security/PrivilegedActionException'> (0x00000007959eaf10) thrown at [/Users/java_re/workspace/8-2-build-macosx-x86_64/jdk8u112/7935/hotspot/src/share/vm/prims/jvm.cpp, line 1390]
Event: 0.612 Thread 0x00007fa7d4001000 Exception <a 'java/security/PrivilegedActionException'> (0x00000007959eb120) thrown at [/Users/java_re/workspace/8-2-build-macosx-x86_64/jdk8u112/7935/hotspot/src/share/vm/prims/jvm.cpp, line 1390]
Event: 0.612 Thread 0x00007fa7d4001000 Exception <a 'java/security/PrivilegedActionException'> (0x00000007959ee610) thrown at [/Users/java_re/workspace/8-2-build-macosx-x86_64/jdk8u112/7935/hotspot/src/share/vm/prims/jvm.cpp, line 1390]
Event: 0.612 Thread 0x00007fa7d4001000 Exception <a 'java/security/PrivilegedActionException'> (0x00000007959ee820) thrown at [/Users/java_re/workspace/8-2-build-macosx-x86_64/jdk8u112/7935/hotspot/src/share/vm/prims/jvm.cpp, line 1390]
Event: 0.996 Thread 0x00007fa7d4001000 Exception <a 'java/io/FileNotFoundException'> (0x0000000795a07260) thrown at [/Users/java_re/workspace/8-2-build-macosx-x86_64/jdk8u112/7935/hotspot/src/share/vm/prims/jni.cpp, line 709]
Event: 0.996 Thread 0x00007fa7d4001000 Exception <a 'java/io/FileNotFoundException'> (0x0000000795a07df0) thrown at [/Users/java_re/workspace/8-2-build-macosx-x86_64/jdk8u112/7935/hotspot/src/share/vm/prims/jni.cpp, line 709]
Event: 1.292 Thread 0x00007fa7d3217000 Exception <a 'java/lang/UnsatisfiedLinkError': com.jogamp.common.util.JarUtil.fixNativeLibAttribs(Ljava/lang/String;)Z> (0x0000000795fea288) thrown at [/Users/java_re/workspace/8-2-build-macosx-x86_64/jdk8u112/7935/hotspot/src/share/vm/prims/nativeLookup.
Event: 4.698 Thread 0x00007fa7d3217000 Implicit null exception at 0x00000001106878b5 to 0x0000000110687b01

Events (10 events):
Event: 4.699 loading class java/text/AttributedString$AttributedStringIterator
Event: 4.699 loading class java/text/AttributedCharacterIterator
Event: 4.699 loading class java/text/CharacterIterator
Event: 4.699 loading class java/text/CharacterIterator done
Event: 4.699 loading class java/text/AttributedCharacterIterator done
Event: 4.699 loading class java/text/AttributedString$AttributedStringIterator done
Event: 4.931 Executing VM operation: BulkRevokeBias
Event: 4.931 Executing VM operation: BulkRevokeBias done
Event: 10.353 Executing VM operation: ParallelGCFailedAllocation
Event: 10.361 Executing VM operation: ParallelGCFailedAllocation done


Dynamic libraries:
0x0000000007658000 	/System/Library/Frameworks/Cocoa.framework/Versions/A/Cocoa
0x0000000007658000 	/System/Library/Frameworks/Security.framework/Versions/A/Security
0x0000000007658000 	/System/Library/Frameworks/ApplicationServices.framework/Versions/A/ApplicationServices
0x0000000007658000 	/usr/lib/libz.1.dylib
0x0000000007658000 	/usr/lib/libSystem.B.dylib
0x0000000007658000 	/usr/lib/libobjc.A.dylib
0x0000000007658000 	/System/Library/Frameworks/CoreFoundation.framework/Versions/A/CoreFoundation
0x0000000007658000 	/System/Library/Frameworks/Foundation.framework/Versions/C/Foundation
0x0000000007658000 	/System/Library/Frameworks/AppKit.framework/Versions/C/AppKit
0x0000000007658000 	/System/Library/Frameworks/CoreData.framework/Versions/A/CoreData
0x0000000007658000 	/System/Library/PrivateFrameworks/RemoteViewServices.framework/Versions/A/RemoteViewServices
0x0000000007658000 	/System/Library/PrivateFrameworks/UIFoundation.framework/Versions/A/UIFoundation
0x0000000007658000 	/System/Library/PrivateFrameworks/DFRFoundation.framework/Versions/A/DFRFoundation
0x0000000007658000 	/usr/lib/libenergytrace.dylib
0x0000000007658000 	/System/Library/PrivateFrameworks/SkyLight.framework/Versions/A/SkyLight
0x0000000007658000 	/System/Library/Frameworks/CoreGraphics.framework/Versions/A/CoreGraphics
0x0000000007658000 	/usr/lib/libScreenReader.dylib
0x0000000007658000 	/System/Library/Frameworks/Accelerate.framework/Versions/A/Accelerate
0x0000000007658000 	/System/Library/Frameworks/IOSurface.framework/Versions/A/IOSurface
0x0000000007658000 	/System/Library/Frameworks/AudioToolbox.framework/Versions/A/AudioToolbox
0x0000000007658000 	/System/Library/Frameworks/AudioUnit.framework/Versions/A/AudioUnit
0x0000000007658000 	/System/Library/PrivateFrameworks/DataDetectorsCore.framework/Versions/A/DataDetectorsCore
0x0000000007658000 	/System/Library/PrivateFrameworks/DesktopServicesPriv.framework/Versions/A/DesktopServicesPriv
0x0000000007658000 	/System/Library/Frameworks/Carbon.framework/Versions/A/Frameworks/HIToolbox.framework/Versions/A/HIToolbox
0x0000000007658000 	/usr/lib/libicucore.A.dylib
0x0000000007658000 	/System/Library/Frameworks/QuartzCore.framework/Versions/A/QuartzCore
0x0000000007658000 	/System/Library/Frameworks/Carbon.framework/Versions/A/Frameworks/SpeechRecognition.framework/Versions/A/SpeechRecognition
0x0000000007658000 	/usr/lib/libauto.dylib
0x0000000007658000 	/usr/lib/libxml2.2.dylib
0x0000000007658000 	/System/Library/PrivateFrameworks/CoreUI.framework/Versions/A/CoreUI
0x0000000007658000 	/System/Library/Frameworks/CoreAudio.framework/Versions/A/CoreAudio
0x0000000007658000 	/System/Library/Frameworks/DiskArbitration.framework/Versions/A/DiskArbitration
0x0000000007658000 	/usr/lib/liblangid.dylib
0x0000000007658000 	/System/Library/PrivateFrameworks/MultitouchSupport.framework/Versions/A/MultitouchSupport
0x0000000007658000 	/System/Library/Frameworks/IOKit.framework/Versions/A/IOKit
0x0000000007658000 	/usr/lib/libDiagnosticMessagesClient.dylib
0x0000000007658000 	/System/Library/Frameworks/CoreServices.framework/Versions/A/CoreServices
0x0000000007658000 	/System/Library/PrivateFrameworks/PerformanceAnalysis.framework/Versions/A/PerformanceAnalysis
0x0000000007658000 	/System/Library/PrivateFrameworks/GenerationalStorage.framework/Versions/A/GenerationalStorage
0x0000000007658000 	/System/Library/Frameworks/OpenGL.framework/Versions/A/OpenGL
0x0000000007658000 	/System/Library/Frameworks/CoreImage.framework/Versions/A/CoreImage
0x0000000007658000 	/System/Library/Frameworks/CoreText.framework/Versions/A/CoreText
0x0000000007658000 	/System/Library/Frameworks/ImageIO.framework/Versions/A/ImageIO
0x0000000007658000 	/System/Library/PrivateFrameworks/Backup.framework/Versions/A/Backup
0x0000000007658000 	/usr/lib/libarchive.2.dylib
0x0000000007658000 	/System/Library/Frameworks/CFNetwork.framework/Versions/A/CFNetwork
0x0000000007658000 	/System/Library/Frameworks/SystemConfiguration.framework/Versions/A/SystemConfiguration
0x0000000007658000 	/usr/lib/libCRFSuite.dylib
0x0000000007658000 	/usr/lib/libc++.1.dylib
0x0000000007658000 	/usr/lib/libc++abi.dylib
0x0000000007658000 	/usr/lib/system/libcache.dylib
0x0000000007658000 	/usr/lib/system/libcommonCrypto.dylib
0x0000000007658000 	/usr/lib/system/libcompiler_rt.dylib
0x0000000007658000 	/usr/lib/system/libcopyfile.dylib
0x0000000007658000 	/usr/lib/system/libcorecrypto.dylib
0x0000000007658000 	/usr/lib/system/libdispatch.dylib
0x0000000007658000 	/usr/lib/system/libdyld.dylib
0x0000000007658000 	/usr/lib/system/libkeymgr.dylib
0x0000000007658000 	/usr/lib/system/liblaunch.dylib
0x0000000007658000 	/usr/lib/system/libmacho.dylib
0x0000000007658000 	/usr/lib/system/libquarantine.dylib
0x0000000007658000 	/usr/lib/system/libremovefile.dylib
0x0000000007658000 	/usr/lib/system/libsystem_asl.dylib
0x0000000007658000 	/usr/lib/system/libsystem_blocks.dylib
0x0000000007658000 	/usr/lib/system/libsystem_c.dylib
0x0000000007658000 	/usr/lib/system/libsystem_configuration.dylib
0x0000000007658000 	/usr/lib/system/libsystem_coreservices.dylib
0x0000000007658000 	/usr/lib/system/libsystem_coretls.dylib
0x0000000007658000 	/usr/lib/system/libsystem_dnssd.dylib
0x0000000007658000 	/usr/lib/system/libsystem_info.dylib
0x0000000007658000 	/usr/lib/system/libsystem_kernel.dylib
0x0000000007658000 	/usr/lib/system/libsystem_m.dylib
0x0000000007658000 	/usr/lib/system/libsystem_malloc.dylib
0x0000000007658000 	/usr/lib/system/libsystem_network.dylib
0x0000000007658000 	/usr/lib/system/libsystem_networkextension.dylib
0x0000000007658000 	/usr/lib/system/libsystem_notify.dylib
0x0000000007658000 	/usr/lib/system/libsystem_platform.dylib
0x0000000007658000 	/usr/lib/system/libsystem_pthread.dylib
0x0000000007658000 	/usr/lib/system/libsystem_sandbox.dylib
0x0000000007658000 	/usr/lib/system/libsystem_secinit.dylib
0x0000000007658000 	/usr/lib/system/libsystem_symptoms.dylib
0x0000000007658000 	/usr/lib/system/libsystem_trace.dylib
0x0000000007658000 	/usr/lib/system/libunwind.dylib
0x0000000007658000 	/usr/lib/system/libxpc.dylib
0x0000000007658000 	/usr/lib/libbsm.0.dylib
0x0000000007658000 	/usr/lib/system/libkxld.dylib
0x0000000007658000 	/usr/lib/libcoretls.dylib
0x0000000007658000 	/usr/lib/libcoretls_cfhelpers.dylib
0x0000000007658000 	/usr/lib/libxar.1.dylib
0x0000000007658000 	/usr/lib/libsqlite3.dylib
0x0000000007658000 	/usr/lib/libpam.2.dylib
0x0000000007658000 	/usr/lib/libOpenScriptingUtil.dylib
0x0000000007658000 	/usr/lib/libbz2.1.0.dylib
0x0000000007658000 	/usr/lib/liblzma.5.dylib
0x0000000007658000 	/usr/lib/libnetwork.dylib
0x0000000007658000 	/usr/lib/libpcap.A.dylib
0x0000000007658000 	/System/Library/Frameworks/CoreServices.framework/Versions/A/Frameworks/FSEvents.framework/Versions/A/FSEvents
0x0000000007658000 	/System/Library/Frameworks/CoreServices.framework/Versions/A/Frameworks/CarbonCore.framework/Versions/A/CarbonCore
0x0000000007658000 	/System/Library/Frameworks/CoreServices.framework/Versions/A/Frameworks/Metadata.framework/Versions/A/Metadata
0x0000000007658000 	/System/Library/Frameworks/CoreServices.framework/Versions/A/Frameworks/OSServices.framework/Versions/A/OSServices
0x0000000007658000 	/System/Library/Frameworks/CoreServices.framework/Versions/A/Frameworks/SearchKit.framework/Versions/A/SearchKit
0x0000000007658000 	/System/Library/Frameworks/CoreServices.framework/Versions/A/Frameworks/AE.framework/Versions/A/AE
0x0000000007658000 	/System/Library/Frameworks/CoreServices.framework/Versions/A/Frameworks/LaunchServices.framework/Versions/A/LaunchServices
0x0000000007658000 	/System/Library/Frameworks/CoreServices.framework/Versions/A/Frameworks/DictionaryServices.framework/Versions/A/DictionaryServices
0x0000000007658000 	/System/Library/Frameworks/CoreServices.framework/Versions/A/Frameworks/SharedFileList.framework/Versions/A/SharedFileList
0x0000000007658000 	/System/Library/Frameworks/NetFS.framework/Versions/A/NetFS
0x0000000007658000 	/System/Library/PrivateFrameworks/NetAuth.framework/Versions/A/NetAuth
0x0000000007658000 	/System/Library/PrivateFrameworks/login.framework/Versions/A/Frameworks/loginsupport.framework/Versions/A/loginsupport
0x0000000007658000 	/System/Library/PrivateFrameworks/TCC.framework/Versions/A/TCC
0x0000000007658000 	/usr/lib/libmecabra.dylib
0x0000000007658000 	/System/Library/Frameworks/ApplicationServices.framework/Versions/A/Frameworks/ATS.framework/Versions/A/ATS
0x0000000007658000 	/System/Library/Frameworks/ApplicationServices.framework/Versions/A/Frameworks/ColorSync.framework/Versions/A/ColorSync
0x0000000007658000 	/System/Library/Frameworks/ApplicationServices.framework/Versions/A/Frameworks/HIServices.framework/Versions/A/HIServices
0x0000000007658000 	/System/Library/Frameworks/ApplicationServices.framework/Versions/A/Frameworks/LangAnalysis.framework/Versions/A/LangAnalysis
0x0000000007658000 	/System/Library/Frameworks/ApplicationServices.framework/Versions/A/Frameworks/PrintCore.framework/Versions/A/PrintCore
0x0000000007658000 	/System/Library/Frameworks/ApplicationServices.framework/Versions/A/Frameworks/QD.framework/Versions/A/QD
0x0000000007658000 	/System/Library/Frameworks/ApplicationServices.framework/Versions/A/Frameworks/SpeechSynthesis.framework/Versions/A/SpeechSynthesis
0x0000000007658000 	/System/Library/Frameworks/Accelerate.framework/Versions/A/Frameworks/vImage.framework/Versions/A/vImage
0x0000000007658000 	/System/Library/Frameworks/Accelerate.framework/Versions/A/Frameworks/vecLib.framework/Versions/A/vecLib
0x0000000007658000 	/System/Library/Frameworks/Accelerate.framework/Versions/A/Frameworks/vecLib.framework/Versions/A/libvDSP.dylib
0x0000000007658000 	/System/Library/Frameworks/Accelerate.framework/Versions/A/Frameworks/vecLib.framework/Versions/A/libBNNS.dylib
0x0000000007658000 	/System/Library/Frameworks/Accelerate.framework/Versions/A/Frameworks/vecLib.framework/Versions/A/libQuadrature.dylib
0x0000000007658000 	/System/Library/Frameworks/Accelerate.framework/Versions/A/Frameworks/vecLib.framework/Versions/A/libvMisc.dylib
0x0000000007658000 	/System/Library/Frameworks/Accelerate.framework/Versions/A/Frameworks/vecLib.framework/Versions/A/libLAPACK.dylib
0x0000000007658000 	/System/Library/Frameworks/Accelerate.framework/Versions/A/Frameworks/vecLib.framework/Versions/A/libBLAS.dylib
0x0000000007658000 	/System/Library/Frameworks/Accelerate.framework/Versions/A/Frameworks/vecLib.framework/Versions/A/libLinearAlgebra.dylib
0x0000000007658000 	/System/Library/Frameworks/Accelerate.framework/Versions/A/Frameworks/vecLib.framework/Versions/A/libSparseBLAS.dylib
0x0000000007658000 	/System/Library/Frameworks/ApplicationServices.framework/Versions/A/Frameworks/ATS.framework/Versions/A/Resources/libFontParser.dylib
0x0000000007658000 	/System/Library/Frameworks/ApplicationServices.framework/Versions/A/Frameworks/ATS.framework/Versions/A/Resources/libFontRegistry.dylib
0x0000000007658000 	/System/Library/Frameworks/ImageIO.framework/Versions/A/Resources/libJPEG.dylib
0x0000000007658000 	/System/Library/Frameworks/ImageIO.framework/Versions/A/Resources/libTIFF.dylib
0x0000000007658000 	/System/Library/Frameworks/ImageIO.framework/Versions/A/Resources/libPng.dylib
0x0000000007658000 	/System/Library/Frameworks/ImageIO.framework/Versions/A/Resources/libGIF.dylib
0x0000000007658000 	/System/Library/Frameworks/ImageIO.framework/Versions/A/Resources/libJP2.dylib
0x0000000007658000 	/System/Library/Frameworks/ImageIO.framework/Versions/A/Resources/libRadiance.dylib
0x0000000007658000 	/usr/lib/libcompression.dylib
0x0000000007658000 	/System/Library/PrivateFrameworks/AppleJPEG.framework/Versions/A/AppleJPEG
0x0000000007658000 	/usr/lib/libcups.2.dylib
0x0000000007658000 	/System/Library/Frameworks/Kerberos.framework/Versions/A/Kerberos
0x0000000007658000 	/System/Library/Frameworks/GSS.framework/Versions/A/GSS
0x0000000007658000 	/usr/lib/libresolv.9.dylib
0x0000000007658000 	/usr/lib/libiconv.2.dylib
0x0000000007658000 	/System/Library/PrivateFrameworks/Heimdal.framework/Versions/A/Heimdal
0x0000000007658000 	/usr/lib/libheimdal-asn1.dylib
0x0000000007658000 	/System/Library/Frameworks/OpenDirectory.framework/Versions/A/OpenDirectory
0x0000000007658000 	/System/Library/PrivateFrameworks/CommonAuth.framework/Versions/A/CommonAuth
0x0000000007658000 	/System/Library/Frameworks/OpenDirectory.framework/Versions/A/Frameworks/CFOpenDirectory.framework/Versions/A/CFOpenDirectory
0x0000000007658000 	/System/Library/Frameworks/SecurityFoundation.framework/Versions/A/SecurityFoundation
0x0000000007658000 	/System/Library/PrivateFrameworks/LanguageModeling.framework/Versions/A/LanguageModeling
0x0000000007658000 	/usr/lib/libmarisa.dylib
0x0000000007658000 	/usr/lib/libChineseTokenizer.dylib
0x0000000007658000 	/usr/lib/libcmph.dylib
0x0000000007658000 	/System/Library/PrivateFrameworks/CoreEmoji.framework/Versions/A/CoreEmoji
0x0000000007658000 	/System/Library/Frameworks/ServiceManagement.framework/Versions/A/ServiceManagement
0x0000000007658000 	/usr/lib/libxslt.1.dylib
0x0000000007658000 	/System/Library/Frameworks/Carbon.framework/Versions/A/Frameworks/Ink.framework/Versions/A/Ink
0x0000000007658000 	/System/Library/PrivateFrameworks/TextureIO.framework/Versions/A/TextureIO
0x0000000007658000 	/System/Library/Frameworks/Metal.framework/Versions/A/Metal
0x0000000007658000 	/usr/lib/libate.dylib
0x0000000007658000 	/System/Library/PrivateFrameworks/GPUCompiler.framework/libmetal_timestamp.dylib
0x0000000007658000 	/System/Library/Frameworks/OpenGL.framework/Versions/A/Libraries/libCoreFSCache.dylib
0x0000000007658000 	/System/Library/PrivateFrameworks/IOAccelerator.framework/Versions/A/IOAccelerator
0x0000000007658000 	/System/Library/Frameworks/CoreVideo.framework/Versions/A/CoreVideo
0x0000000007658000 	/usr/lib/libFosl_dynamic.dylib
0x0000000007658000 	/System/Library/PrivateFrameworks/MetalPerformanceShaders.framework/Versions/A/MetalPerformanceShaders
0x0000000007658000 	/System/Library/PrivateFrameworks/FaceCore.framework/Versions/A/FaceCore
0x0000000007658000 	/System/Library/Frameworks/OpenCL.framework/Versions/A/OpenCL
0x0000000007658000 	/System/Library/Frameworks/OpenGL.framework/Versions/A/Libraries/libGLU.dylib
0x0000000007658000 	/System/Library/Frameworks/OpenGL.framework/Versions/A/Libraries/libGFXShared.dylib
0x0000000007658000 	/System/Library/Frameworks/OpenGL.framework/Versions/A/Libraries/libGL.dylib
0x0000000007658000 	/System/Library/Frameworks/OpenGL.framework/Versions/A/Libraries/libGLImage.dylib
0x0000000007658000 	/System/Library/Frameworks/OpenGL.framework/Versions/A/Libraries/libCVMSPluginSupport.dylib
0x0000000007658000 	/System/Library/Frameworks/OpenGL.framework/Versions/A/Libraries/libCoreVMClient.dylib
0x0000000007658000 	/System/Library/PrivateFrameworks/CrashReporterSupport.framework/Versions/A/CrashReporterSupport
0x0000000007658000 	/System/Library/PrivateFrameworks/Sharing.framework/Versions/A/Sharing
0x0000000007658000 	/System/Library/PrivateFrameworks/IconServices.framework/Versions/A/IconServices
0x0000000007658000 	/System/Library/PrivateFrameworks/ProtocolBuffer.framework/Versions/A/ProtocolBuffer
0x0000000007658000 	/System/Library/PrivateFrameworks/Apple80211.framework/Versions/A/Apple80211
0x0000000007658000 	/System/Library/Frameworks/CoreWLAN.framework/Versions/A/CoreWLAN
0x0000000007658000 	/System/Library/PrivateFrameworks/CoreUtils.framework/Versions/A/CoreUtils
0x0000000007658000 	/System/Library/Frameworks/IOBluetooth.framework/Versions/A/IOBluetooth
0x0000000007658000 	/System/Library/PrivateFrameworks/CoreWiFi.framework/Versions/A/CoreWiFi
0x0000000007658000 	/System/Library/Frameworks/CoreBluetooth.framework/Versions/A/CoreBluetooth
0x0000000007658000 	/System/Library/Frameworks/CoreDisplay.framework/Versions/A/CoreDisplay
0x0000000007658000 	/System/Library/PrivateFrameworks/IOPresentment.framework/Versions/A/IOPresentment
0x0000000007658000 	/System/Library/PrivateFrameworks/DebugSymbols.framework/Versions/A/DebugSymbols
0x0000000007658000 	/System/Library/PrivateFrameworks/CoreSymbolication.framework/Versions/A/CoreSymbolication
0x0000000007658000 	/System/Library/PrivateFrameworks/Symbolication.framework/Versions/A/Symbolication
0x0000000007658000 	/System/Library/PrivateFrameworks/AppleFSCompression.framework/Versions/A/AppleFSCompression
0x0000000007658000 	/System/Library/PrivateFrameworks/SpeechRecognitionCore.framework/Versions/A/SpeechRecognitionCore
0x0000000007658000 	/System/Library/PrivateFrameworks/ChunkingLibrary.framework/Versions/A/ChunkingLibrary
0x0000000049856000 	/System/Library/CoreServices/Encodings/libLatin2Converter.dylib
0x000000010458c000 	/Library/Java/JavaVirtualMachines/jdk1.8.0_112.jdk/Contents/Home/jre/lib/server/libjvm.dylib
0x0000000007658000 	/usr/lib/libstdc++.6.dylib
0x000000010552e000 	/Library/Java/JavaVirtualMachines/jdk1.8.0_112.jdk/Contents/Home/jre/lib/libverify.dylib
0x000000010553c000 	/Library/Java/JavaVirtualMachines/jdk1.8.0_112.jdk/Contents/Home/jre/lib/libjava.dylib
0x000000010557b000 	/Library/Java/JavaVirtualMachines/jdk1.8.0_112.jdk/Contents/Home/jre/lib/libzip.dylib
0x000000010c6f2000 	/System/Library/Frameworks/JavaVM.framework/Frameworks/JavaRuntimeSupport.framework/JavaRuntimeSupport
0x000000010c70c000 	/System/Library/Frameworks/JavaVM.framework/Versions/A/Frameworks/JavaNativeFoundation.framework/Versions/A/JavaNativeFoundation
0x000000010c721000 	/System/Library/Frameworks/JavaVM.framework/Versions/A/JavaVM
0x0000000007658000 	/System/Library/Frameworks/Carbon.framework/Versions/A/Carbon
0x000000010c72e000 	/System/Library/PrivateFrameworks/JavaLaunching.framework/Versions/A/JavaLaunching
0x0000000007658000 	/System/Library/Frameworks/Carbon.framework/Versions/A/Frameworks/CommonPanels.framework/Versions/A/CommonPanels
0x0000000007658000 	/System/Library/Frameworks/Carbon.framework/Versions/A/Frameworks/Help.framework/Versions/A/Help
0x0000000007658000 	/System/Library/Frameworks/Carbon.framework/Versions/A/Frameworks/ImageCapture.framework/Versions/A/ImageCapture
0x0000000007658000 	/System/Library/Frameworks/Carbon.framework/Versions/A/Frameworks/OpenScripting.framework/Versions/A/OpenScripting
0x0000000007658000 	/System/Library/Frameworks/Carbon.framework/Versions/A/Frameworks/Print.framework/Versions/A/Print
0x0000000007658000 	/System/Library/Frameworks/Carbon.framework/Versions/A/Frameworks/SecurityHI.framework/Versions/A/SecurityHI
0x000000010e1d3000 	/Applications/IntelliJ IDEA.app/Contents/bin/libbreakgen64.jnilib
0x000000010e1d6000 	/Library/Java/JavaVirtualMachines/jdk1.8.0_112.jdk/Contents/Home/jre/lib/libnet.dylib
0x000000010e23a000 	/Library/Java/JavaVirtualMachines/jdk1.8.0_112.jdk/Contents/Home/jre/lib/libawt.dylib
0x000000010e2e2000 	/Library/Java/JavaVirtualMachines/jdk1.8.0_112.jdk/Contents/Home/jre/lib/./libmlib_image.dylib
0x000000010e3ae000 	/Library/Java/JavaVirtualMachines/jdk1.8.0_112.jdk/Contents/Home/jre/lib/libawt_lwawt.dylib
0x000000010e465000 	/Library/Java/JavaVirtualMachines/jdk1.8.0_112.jdk/Contents/Home/jre/lib/./libosxapp.dylib
0x0000000007658000 	/System/Library/Frameworks/ExceptionHandling.framework/Versions/A/ExceptionHandling
0x0000000007658000 	/System/Library/PrivateFrameworks/CoreServicesInternal.framework/Versions/A/CoreServicesInternal
0x0000000007658000 	/System/Library/CoreServices/RawCamera.bundle/Contents/MacOS/RawCamera
0x0000000007658000 	/System/Library/Frameworks/Accelerate.framework/Versions/A/Frameworks/vImage.framework/Versions/A/Libraries/libCGInterfaces.dylib
0x0000000007658000 	/System/Library/Frameworks/ApplicationServices.framework/Versions/A/Frameworks/ATS.framework/Versions/A/Resources/libTrueTypeScaler.dylib
0x0000000007658000 	/System/Library/Frameworks/OpenGL.framework/Versions/A/Resources/GLEngine.bundle/GLEngine
0x0000000007658000 	/System/Library/Frameworks/OpenGL.framework/Versions/A/Libraries/libGLProgrammability.dylib
0x000000011f849000 	/System/Library/Extensions/AppleIntelHD5000GraphicsGLDriver.bundle/Contents/MacOS/AppleIntelHD5000GraphicsGLDriver
0x0000000007658000 	/System/Library/PrivateFrameworks/GPUSupport.framework/Versions/A/Libraries/libGPUSupportMercury.dylib
0x0000000007658000 	/System/Library/Frameworks/OpenGL.framework/Versions/A/Resources/GLRendererFloat.bundle/GLRendererFloat
0x0000000007658000 	/System/Library/Frameworks/OpenCL.framework/Versions/A/Libraries/libcldcpuengine.dylib
0x0000000007658000 	/usr/lib/libcrypto.0.9.8.dylib
0x0000000007658000 	/System/Library/PrivateFrameworks/TrustEvaluationAgent.framework/Versions/A/TrustEvaluationAgent
0x000000011ffa8000 	/System/Library/Extensions/AppleIntelHD5000GraphicsMTLDriver.bundle/Contents/MacOS/AppleIntelHD5000GraphicsMTLDriver
0x0000000007658000 	/System/Library/PrivateFrameworks/FamilyControls.framework/Versions/A/FamilyControls
0x0000000007658000 	/System/Library/PrivateFrameworks/CommerceKit.framework/Versions/A/Frameworks/CommerceCore.framework/Versions/A/CommerceCore
0x0000000007658000 	/System/Library/PrivateFrameworks/SystemAdministration.framework/Versions/A/SystemAdministration
0x0000000007658000 	/System/Library/PrivateFrameworks/AppContainer.framework/Versions/A/AppContainer
0x0000000007658000 	/System/Library/PrivateFrameworks/SecCodeWrapper.framework/Versions/A/SecCodeWrapper
0x0000000007658000 	/System/Library/Frameworks/DirectoryService.framework/Versions/A/DirectoryService
0x0000000007658000 	/System/Library/PrivateFrameworks/DiskImages.framework/Versions/A/DiskImages
0x0000000007658000 	/System/Library/PrivateFrameworks/LoginUIKit.framework/Versions/A/Frameworks/LoginUICore.framework/Versions/A/LoginUICore
0x0000000007658000 	/usr/lib/libCoreStorage.dylib
0x0000000007658000 	/usr/lib/libcsfde.dylib
0x0000000007658000 	/usr/lib/libodfde.dylib
0x0000000007658000 	/System/Library/Frameworks/DiscRecording.framework/Versions/A/DiscRecording
0x0000000007658000 	/usr/lib/libcurl.4.dylib
0x0000000007658000 	/System/Library/PrivateFrameworks/MediaKit.framework/Versions/A/MediaKit
0x0000000007658000 	/System/Library/PrivateFrameworks/ProtectedCloudStorage.framework/Versions/A/ProtectedCloudStorage
0x0000000007658000 	/System/Library/PrivateFrameworks/EFILogin.framework/Versions/A/EFILogin
0x0000000007658000 	/usr/lib/libutil.dylib
0x0000000007658000 	/System/Library/Frameworks/LDAP.framework/Versions/A/LDAP
0x0000000007658000 	/usr/lib/libsasl2.2.dylib
0x0000000007658000 	/System/Library/PrivateFrameworks/CoreDaemon.framework/Versions/B/CoreDaemon
0x0000000007658000 	/System/Library/PrivateFrameworks/AppleSRP.framework/Versions/A/AppleSRP
0x0000000007658000 	/System/Library/PrivateFrameworks/APFS.framework/Versions/A/APFS
0x000000012137e000 	/Library/Java/JavaVirtualMachines/jdk1.8.0_112.jdk/Contents/Home/jre/lib/libfontmanager.dylib
0x0000000121c30000 	/Library/Java/JavaVirtualMachines/jdk1.8.0_112.jdk/Contents/Home/jre/lib/libnio.dylib
0x0000000007658000 	/System/Library/PrivateFrameworks/ViewBridge.framework/Versions/A/ViewBridge
0x0000000007658000 	/System/Library/PrivateFrameworks/XPCService.framework/Versions/A/XPCService
0x0000000007658000 	/System/Library/PrivateFrameworks/AppSandbox.framework/Versions/A/AppSandbox
0x0000000007658000 	/usr/lib/libsandbox.1.dylib
0x0000000007658000 	/usr/lib/libMatch.1.dylib
0x0000000121c41000 	/private/var/folders/y1/vxhw6j853q9_38smk66_vx400000gp/T/jogamp_0000/file_cache/jln8592802695967471843/jln7990182372909017248/natives/macosx-universal/libgluegen-rt.jnilib
0x0000000121e45000 	/private/var/folders/y1/vxhw6j853q9_38smk66_vx400000gp/T/jogamp_0000/file_cache/jln8592802695967471843/jln7990182372909017248/natives/macosx-universal/libnativewindow_awt.jnilib
0x0000000121e48000 	/Library/Java/JavaVirtualMachines/jdk1.8.0_112.jdk/Contents/Home/jre/lib/libjawt.dylib
0x0000000121e4b000 	/private/var/folders/y1/vxhw6j853q9_38smk66_vx400000gp/T/jogamp_0000/file_cache/jln8592802695967471843/jln7990182372909017248/natives/macosx-universal/libnativewindow_macosx.jnilib
0x0000000122255000 	/private/var/folders/y1/vxhw6j853q9_38smk66_vx400000gp/T/jogamp_0000/file_cache/jln8592802695967471843/jln7990182372909017248/natives/macosx-universal/libjogl_desktop.jnilib
0x0000000122329000 	/private/var/folders/y1/vxhw6j853q9_38smk66_vx400000gp/T/jogamp_0000/file_cache/jln8592802695967471843/jln7990182372909017248/natives/macosx-universal/libjogl_mobile.jnilib

VM Arguments:
jvm_args: -Didea.launcher.port=7540 -Didea.launcher.bin.path=/Applications/IntelliJ IDEA.app/Contents/bin -Dfile.encoding=UTF-8 
java_command: com.intellij.rt.execution.application.AppMain lvl2advanced.p05pipeline.p01geometryshader.JOGLApp
java_class_path (initial): /Library/Java/JavaVirtualMachines/jdk1.8.0_112.jdk/Contents/Home/jre/lib/charsets.jar:/Library/Java/JavaVirtualMachines/jdk1.8.0_112.jdk/Contents/Home/jre/lib/deploy.jar:/Library/Java/JavaVirtualMachines/jdk1.8.0_112.jdk/Contents/Home/jre/lib/ext/cldrdata.jar:/Library/Java/JavaVirtualMachines/jdk1.8.0_112.jdk/Contents/Home/jre/lib/ext/dnsns.jar:/Library/Java/JavaVirtualMachines/jdk1.8.0_112.jdk/Contents/Home/jre/lib/ext/jaccess.jar:/Library/Java/JavaVirtualMachines/jdk1.8.0_112.jdk/Contents/Home/jre/lib/ext/jfxrt.jar:/Library/Java/JavaVirtualMachines/jdk1.8.0_112.jdk/Contents/Home/jre/lib/ext/localedata.jar:/Library/Java/JavaVirtualMachines/jdk1.8.0_112.jdk/Contents/Home/jre/lib/ext/nashorn.jar:/Library/Java/JavaVirtualMachines/jdk1.8.0_112.jdk/Contents/Home/jre/lib/ext/sunec.jar:/Library/Java/JavaVirtualMachines/jdk1.8.0_112.jdk/Contents/Home/jre/lib/ext/sunjce_provider.jar:/Library/Java/JavaVirtualMachines/jdk1.8.0_112.jdk/Contents/Home/jre/lib/ext/sunpkcs11.jar:/Library/Java/JavaVirtualMachines/jdk1.8.0_112.jdk/Contents/Home/jre/lib/ext/zipfs.jar:/Library/Java/JavaVirtualMachines/jdk1.8.0_112.jdk/Contents/Home/jre/lib/javaws.jar:/Library/Java/JavaVirtualMachines/jdk1.8.0_112.jdk/Contents/Home/jre/lib/jce.jar:/Library/Java/JavaVirtualMachines/jdk1.8.0_112.jdk/Contents/Home/jre/lib/jfr.jar:/Library/Java/JavaVirtualMachines/jdk1.8.0_112.jdk/Contents/Home/jre/lib/jfxswt.jar:/Library/Java/JavaVirtualMachines/jdk1.8.0_112.jdk/Contents/Home/jre/lib/jsse.jar:/Library/Java/JavaVirtualMachines/jdk1.8.0_112.jdk/Contents/Home/jre/lib/management-agent.jar:/Library/Java/JavaVirtualMachines/jdk1.8.0_112.jdk/Contents/Home/jre/lib/plugin.jar:/Library/Java/JavaVirtualMachines/jdk1.8.0_112.jdk/Contents/Home/jre/lib/resources.jar:/Library/Java/JavaVirtualMachines/jdk1.8.0_112.jdk/Contents/Home/jre/lib/rt.jar:/Library/Java/JavaVirtualMachines/jdk1.8.0_112.jdk/Contents/Home/lib/ant-javafx.jar:/Library/Java/JavaVirtualMachines/jdk1.8.0_112.jdk/Contents/Home
Launcher Type: SUN_STANDARD

Environment Variables:
PATH=/usr/local/bin:/usr/bin:/bin:/usr/sbin:/sbin:/opt/X11/bin:/Library/Frameworks/Mono.framework/Versions/Current/Commands
SHELL=/bin/bash
DISPLAY=/private/tmp/com.apple.launchd.K6c6K0qXvb/org.macosforge.xquartz:0

Signal Handlers:
SIGSEGV: [libjvm.dylib+0x5b11a5], sa_mask[0]=11111111011111110111111111111111, sa_flags=SA_ONSTACK|SA_RESTART|SA_SIGINFO
SIGBUS: [libjvm.dylib+0x5b11a5], sa_mask[0]=11111111011111110111111111111111, sa_flags=SA_RESTART|SA_SIGINFO
SIGFPE: [libjvm.dylib+0x487dc0], sa_mask[0]=11111111011111110111111111111111, sa_flags=SA_RESTART|SA_SIGINFO
SIGPIPE: [libjvm.dylib+0x487dc0], sa_mask[0]=11111111011111110111111111111111, sa_flags=SA_RESTART|SA_SIGINFO
SIGXFSZ: [libjvm.dylib+0x487dc0], sa_mask[0]=11111111011111110111111111111111, sa_flags=SA_RESTART|SA_SIGINFO
SIGILL: [libjvm.dylib+0x487dc0], sa_mask[0]=11111111011111110111111111111111, sa_flags=SA_RESTART|SA_SIGINFO
SIGUSR1: SIG_DFL, sa_mask[0]=00000000000000000000000000000000, sa_flags=none
SIGUSR2: [libjvm.dylib+0x4878de], sa_mask[0]=00100000000000000000000000000000, sa_flags=SA_RESTART|SA_SIGINFO
SIGHUP: [libjvm.dylib+0x485eb5], sa_mask[0]=11111111011111110111111111111111, sa_flags=SA_RESTART|SA_SIGINFO
SIGINT: [libjvm.dylib+0x485eb5], sa_mask[0]=11111111011111110111111111111111, sa_flags=SA_RESTART|SA_SIGINFO
SIGTERM: [libjvm.dylib+0x485eb5], sa_mask[0]=11111111011111110111111111111111, sa_flags=SA_RESTART|SA_SIGINFO
SIGQUIT: [libjvm.dylib+0x485eb5], sa_mask[0]=11111111011111110111111111111111, sa_flags=SA_RESTART|SA_SIGINFO


---------------  S Y S T E M  ---------------

OS:Bsduname:Darwin 16.4.0 Darwin Kernel Version 16.4.0: Thu Dec 22 22:53:21 PST 2016; root:xnu-3789.41.3~3/RELEASE_X86_64 x86_64
rlimit: STACK 8192k, CORE 0k, NPROC 709, NOFILE 10240, AS infinity
load average:2.38 2.67 2.88

CPU:total 4 (2 cores per cpu, 2 threads per core) family 6 model 69 stepping 1, cmov, cx8, fxsr, mmx, sse, sse2, sse3, ssse3, sse4.1, sse4.2, popcnt, avx, avx2, aes, clmul, erms, lzcnt, ht, tsc, tscinvbit, bmi1, bmi2

Memory: 4k page, physical 8388608k(488504k free)

/proc/meminfo:


vm_info: Java HotSpot(TM) 64-Bit Server VM (25.112-b16) for bsd-amd64 JRE (1.8.0_112-b16), built on Sep 30 2016 22:41:41 by "java_re" with gcc 4.2.1 (Based on Apple Inc. build 5658) (LLVM build 2336.11.00)

time: Fri Mar 17 07:51:59 2017
elapsed time: 10 seconds (0d 0h 0m 10s)

